<?xml version="1.0" encoding="UTF-8"?>
<!-- Generated by org.testng.reporters.JUnitXMLReporter -->
<testsuite ignored="0" hostname="AbhiSneh" failures="32" tests="75" name="Surefire test" time="91.495" errors="0" timestamp="2021-08-23T10:55:47 CEST">
  <testcase classname="io.cucumber.testng.AbstractTestNGCucumberTests" name="runScenario" time="5.708"/>
  <testcase classname="io.cucumber.testng.AbstractTestNGCucumberTests" name="runScenario" time="1.86"/>
  <testcase classname="io.cucumber.testng.AbstractTestNGCucumberTests" name="runScenario" time="1.895">
    <failure type="java.lang.AssertionError" message="The following asserts failed:
	expected [Length of account_number should be between 2 and 10 when bank_country_code is US] but found [Should contain 2 to 200 characters],
	expected [Should contain 2 to 10 characters] but found [Should contain 2 to 200 characters]">
      <![CDATA[java.lang.AssertionError: The following asserts failed:
expected [Length of account_number should be between 2 and 10 when bank_country_code is US] but found [Should contain 2 to 200 characters],
expected [Should contain 2 to 10 characters] but found [Should contain 2 to 200 characters]
at stepDefinitions.Generic_Steps.after(Generic_Steps.java:38)
... Removed 2 stack frames]]>
    </failure>
  </testcase> <!-- runScenario -->
  <testcase classname="io.cucumber.testng.AbstractTestNGCucumberTests" name="runScenario" time="2.462">
    <failure type="java.lang.AssertionError" message="The following asserts failed:
	expected [Length of account_number should be between 2 and 10 when bank_country_code is AU] but found [Should contain 2 to 200 characters],
	expected [Should contain 2 to 10 characters] but found [Should contain 2 to 200 characters]">
      <![CDATA[java.lang.AssertionError: The following asserts failed:
expected [Length of account_number should be between 2 and 10 when bank_country_code is AU] but found [Should contain 2 to 200 characters],
expected [Should contain 2 to 10 characters] but found [Should contain 2 to 200 characters]
at stepDefinitions.Generic_Steps.after(Generic_Steps.java:38)
... Removed 2 stack frames]]>
    </failure>
  </testcase> <!-- runScenario -->
  <testcase classname="io.cucumber.testng.AbstractTestNGCucumberTests" name="runScenario" time="2.548">
    <failure type="java.lang.AssertionError" message="The following asserts failed:
	expected [Length of account_number should be between 2 and 10 when bank_country_code is CN] but found [Should contain 2 to 200 characters],
	expected [Should contain 2 to 10 characters] but found [Should contain 2 to 200 characters]">
      <![CDATA[java.lang.AssertionError: The following asserts failed:
expected [Length of account_number should be between 2 and 10 when bank_country_code is CN] but found [Should contain 2 to 200 characters],
expected [Should contain 2 to 10 characters] but found [Should contain 2 to 200 characters]
at stepDefinitions.Generic_Steps.after(Generic_Steps.java:38)
... Removed 2 stack frames]]>
    </failure>
  </testcase> <!-- runScenario -->
  <testcase classname="io.cucumber.testng.AbstractTestNGCucumberTests" name="runScenario" time="1.758">
    <failure type="java.lang.NullPointerException" message="Cannot invoke &amp;quot;Object.toString()&amp;quot; because the return value of &amp;quot;io.restassured.path.json.JsonPath.get(String)&amp;quot; is null">
      <![CDATA[java.lang.NullPointerException: Cannot invoke "Object.toString()" because the return value of "io.restassured.path.json.JsonPath.get(String)" is null
at utilities.Json_handler.getJsonPath(Json_handler.java:21)
at stepDefinitions.Generic_Steps.response_contains_value(Generic_Steps.java:139)
at ✽.Response "code" has value "payment_schema_validation_failed"(file:///C:/SnehProjects/DemoProject/Demo_APIFramework/src/test/resources/features/Account_Name.feature:32)
]]>
    </failure>
  </testcase> <!-- runScenario -->
  <testcase classname="io.cucumber.testng.AbstractTestNGCucumberTests" name="runScenario" time="1.713"/>
  <testcase classname="io.cucumber.testng.AbstractTestNGCucumberTests" name="runScenario" time="1.643"/>
  <testcase classname="io.cucumber.testng.AbstractTestNGCucumberTests" name="runScenario" time="1.643"/>
  <testcase classname="io.cucumber.testng.AbstractTestNGCucumberTests" name="runScenario" time="1.804"/>
  <testcase classname="io.cucumber.testng.AbstractTestNGCucumberTests" name="runScenario" time="0.924"/>
  <testcase classname="io.cucumber.testng.AbstractTestNGCucumberTests" name="runScenario" time="1.019"/>
  <testcase classname="io.cucumber.testng.AbstractTestNGCucumberTests" name="runScenario" time="1.577">
    <failure type="java.lang.AssertionError" message="The following asserts failed:
	expected [201] but found [400],
	expected [true] but found [false]">
      <![CDATA[java.lang.AssertionError: The following asserts failed:
expected [201] but found [400],
expected [true] but found [false]
at stepDefinitions.Generic_Steps.after(Generic_Steps.java:38)
... Removed 2 stack frames]]>
    </failure>
  </testcase> <!-- runScenario -->
  <testcase classname="io.cucumber.testng.AbstractTestNGCucumberTests" name="runScenario" time="0.92">
    <failure type="java.lang.AssertionError" message="The following asserts failed:
	expected [201] but found [400],
	expected [true] but found [false]">
      <![CDATA[java.lang.AssertionError: The following asserts failed:
expected [201] but found [400],
expected [true] but found [false]
at stepDefinitions.Generic_Steps.after(Generic_Steps.java:38)
... Removed 2 stack frames]]>
    </failure>
  </testcase> <!-- runScenario -->
  <testcase classname="io.cucumber.testng.AbstractTestNGCucumberTests" name="runScenario" time="1.112">
    <failure type="java.lang.AssertionError" message="The following asserts failed:
	expected [201] but found [400],
	expected [true] but found [false]">
      <![CDATA[java.lang.AssertionError: The following asserts failed:
expected [201] but found [400],
expected [true] but found [false]
at stepDefinitions.Generic_Steps.after(Generic_Steps.java:38)
... Removed 2 stack frames]]>
    </failure>
  </testcase> <!-- runScenario -->
  <testcase classname="io.cucumber.testng.AbstractTestNGCucumberTests" name="runScenario" time="1.745">
    <failure type="java.lang.NullPointerException" message="Cannot invoke &amp;quot;Object.toString()&amp;quot; because the return value of &amp;quot;io.restassured.path.json.JsonPath.get(String)&amp;quot; is null">
      <![CDATA[java.lang.NullPointerException: Cannot invoke "Object.toString()" because the return value of "io.restassured.path.json.JsonPath.get(String)" is null
at utilities.Json_handler.getJsonPath(Json_handler.java:21)
at stepDefinitions.Generic_Steps.response_contains_value(Generic_Steps.java:139)
at ✽.Response "code" has value "payment_schema_validation_failed"(file:///C:/SnehProjects/DemoProject/Demo_APIFramework/src/test/resources/features/Account_Number.feature:45)
]]>
    </failure>
  </testcase> <!-- runScenario -->
  <testcase classname="io.cucumber.testng.AbstractTestNGCucumberTests" name="runScenario" time="1.747">
    <failure type="java.lang.AssertionError" message="The following asserts failed:
	expected [Length of account_number should be between 1 and 17 when bank_country_code is US] but found [Should contain 1 to 26 characters]">
      <![CDATA[java.lang.AssertionError: The following asserts failed:
expected [Length of account_number should be between 1 and 17 when bank_country_code is US] but found [Should contain 1 to 26 characters]
at stepDefinitions.Generic_Steps.after(Generic_Steps.java:38)
... Removed 2 stack frames]]>
    </failure>
  </testcase> <!-- runScenario -->
  <testcase classname="io.cucumber.testng.AbstractTestNGCucumberTests" name="runScenario" time="0.985">
    <failure type="java.lang.AssertionError" message="The following asserts failed:
	expected [Length of account_number should be between 6 and 9 when bank_country_code is AU] but found [Should contain 6 to 20 characters]">
      <![CDATA[java.lang.AssertionError: The following asserts failed:
expected [Length of account_number should be between 6 and 9 when bank_country_code is AU] but found [Should contain 6 to 20 characters]
at stepDefinitions.Generic_Steps.after(Generic_Steps.java:38)
... Removed 2 stack frames]]>
    </failure>
  </testcase> <!-- runScenario -->
  <testcase classname="io.cucumber.testng.AbstractTestNGCucumberTests" name="runScenario" time="1.603">
    <failure type="java.lang.NullPointerException" message="Cannot invoke &amp;quot;Object.toString()&amp;quot; because the return value of &amp;quot;io.restassured.path.json.JsonPath.get(String)&amp;quot; is null">
      <![CDATA[java.lang.NullPointerException: Cannot invoke "Object.toString()" because the return value of "io.restassured.path.json.JsonPath.get(String)" is null
at utilities.Json_handler.getJsonPath(Json_handler.java:21)
at stepDefinitions.Generic_Steps.response_contains_value(Generic_Steps.java:139)
at ✽.Response "code" has value "payment_schema_validation_failed"(file:///C:/SnehProjects/DemoProject/Demo_APIFramework/src/test/resources/features/Account_Number.feature:45)
]]>
    </failure>
  </testcase> <!-- runScenario -->
  <testcase classname="io.cucumber.testng.AbstractTestNGCucumberTests" name="runScenario" time="1.635">
    <failure type="java.lang.NullPointerException" message="Cannot invoke &amp;quot;Object.toString()&amp;quot; because the return value of &amp;quot;io.restassured.path.json.JsonPath.get(String)&amp;quot; is null">
      <![CDATA[java.lang.NullPointerException: Cannot invoke "Object.toString()" because the return value of "io.restassured.path.json.JsonPath.get(String)" is null
at utilities.Json_handler.getJsonPath(Json_handler.java:21)
at stepDefinitions.Generic_Steps.response_contains_value(Generic_Steps.java:139)
at ✽.Response "code" has value "payment_schema_validation_failed"(file:///C:/SnehProjects/DemoProject/Demo_APIFramework/src/test/resources/features/Account_Number.feature:45)
]]>
    </failure>
  </testcase> <!-- runScenario -->
  <testcase classname="io.cucumber.testng.AbstractTestNGCucumberTests" name="runScenario" time="1.052">
    <failure type="java.lang.AssertionError" message="The following asserts failed:
	expected [Length of account_number should be between 6 and 9 when bank_country_code is AU] but found [Should contain 6 to 20 characters]">
      <![CDATA[java.lang.AssertionError: The following asserts failed:
expected [Length of account_number should be between 6 and 9 when bank_country_code is AU] but found [Should contain 6 to 20 characters]
at stepDefinitions.Generic_Steps.after(Generic_Steps.java:38)
... Removed 2 stack frames]]>
    </failure>
  </testcase> <!-- runScenario -->
  <testcase classname="io.cucumber.testng.AbstractTestNGCucumberTests" name="runScenario" time="1.226">
    <failure type="java.lang.AssertionError" message="The following asserts failed:
	expected [Length of account_number should be between 8 and 20 when bank_country_code is CN] but found [Should contain 8 to 34 characters]">
      <![CDATA[java.lang.AssertionError: The following asserts failed:
expected [Length of account_number should be between 8 and 20 when bank_country_code is CN] but found [Should contain 8 to 34 characters]
at stepDefinitions.Generic_Steps.after(Generic_Steps.java:38)
... Removed 2 stack frames]]>
    </failure>
  </testcase> <!-- runScenario -->
  <testcase classname="io.cucumber.testng.AbstractTestNGCucumberTests" name="runScenario" time="1.012">
    <failure type="java.lang.AssertionError" message="The following asserts failed:
	expected [Length of account_number should be between 8 and 20 when bank_country_code is CN] but found [Should contain 8 to 34 characters]">
      <![CDATA[java.lang.AssertionError: The following asserts failed:
expected [Length of account_number should be between 8 and 20 when bank_country_code is CN] but found [Should contain 8 to 34 characters]
at stepDefinitions.Generic_Steps.after(Generic_Steps.java:38)
... Removed 2 stack frames]]>
    </failure>
  </testcase> <!-- runScenario -->
  <testcase classname="io.cucumber.testng.AbstractTestNGCucumberTests" name="runScenario" time="1.083">
    <failure type="java.lang.NullPointerException" message="Cannot invoke &amp;quot;Object.toString()&amp;quot; because the return value of &amp;quot;io.restassured.path.json.JsonPath.get(String)&amp;quot; is null">
      <![CDATA[java.lang.NullPointerException: Cannot invoke "Object.toString()" because the return value of "io.restassured.path.json.JsonPath.get(String)" is null
at utilities.Json_handler.getJsonPath(Json_handler.java:21)
at stepDefinitions.Generic_Steps.response_contains_value(Generic_Steps.java:139)
at ✽.Response "code" has value "payment_schema_validation_failed"(file:///C:/SnehProjects/DemoProject/Demo_APIFramework/src/test/resources/features/Account_Number.feature:45)
]]>
    </failure>
  </testcase> <!-- runScenario -->
  <testcase classname="io.cucumber.testng.AbstractTestNGCucumberTests" name="runScenario" time="1.056">
    <failure type="java.lang.AssertionError" message="The following asserts failed:
	expected [Length of account_number should be between 8 and 20 when bank_country_code is CN] but found [Should contain 8 to 34 characters]">
      <![CDATA[java.lang.AssertionError: The following asserts failed:
expected [Length of account_number should be between 8 and 20 when bank_country_code is CN] but found [Should contain 8 to 34 characters]
at stepDefinitions.Generic_Steps.after(Generic_Steps.java:38)
... Removed 2 stack frames]]>
    </failure>
  </testcase> <!-- runScenario -->
  <testcase classname="io.cucumber.testng.AbstractTestNGCucumberTests" name="runScenario" time="1.049"/>
  <testcase classname="io.cucumber.testng.AbstractTestNGCucumberTests" name="runScenario" time="0.94"/>
  <testcase classname="io.cucumber.testng.AbstractTestNGCucumberTests" name="runScenario" time="1.532"/>
  <testcase classname="io.cucumber.testng.AbstractTestNGCucumberTests" name="runScenario" time="0.791"/>
  <testcase classname="io.cucumber.testng.AbstractTestNGCucumberTests" name="runScenario" time="0.837"/>
  <testcase classname="io.cucumber.testng.AbstractTestNGCucumberTests" name="runScenario" time="0.926"/>
  <testcase classname="io.cucumber.testng.AbstractTestNGCucumberTests" name="runScenario" time="0.771"/>
  <testcase classname="io.cucumber.testng.AbstractTestNGCucumberTests" name="runScenario" time="0.836"/>
  <testcase classname="io.cucumber.testng.AbstractTestNGCucumberTests" name="runScenario" time="1.045"/>
  <testcase classname="io.cucumber.testng.AbstractTestNGCucumberTests" name="runScenario" time="1.056"/>
  <testcase classname="io.cucumber.testng.AbstractTestNGCucumberTests" name="runScenario" time="0.886"/>
  <testcase classname="io.cucumber.testng.AbstractTestNGCucumberTests" name="runScenario" time="0.986"/>
  <testcase classname="io.cucumber.testng.AbstractTestNGCucumberTests" name="runScenario" time="0.869"/>
  <testcase classname="io.cucumber.testng.AbstractTestNGCucumberTests" name="runScenario" time="0.899"/>
  <testcase classname="io.cucumber.testng.AbstractTestNGCucumberTests" name="runScenario" time="1.017"/>
  <testcase classname="io.cucumber.testng.AbstractTestNGCucumberTests" name="runScenario" time="0.994"/>
  <testcase classname="io.cucumber.testng.AbstractTestNGCucumberTests" name="runScenario" time="0.864"/>
  <testcase classname="io.cucumber.testng.AbstractTestNGCucumberTests" name="runScenario" time="0.927"/>
  <testcase classname="io.cucumber.testng.AbstractTestNGCucumberTests" name="runScenario" time="0.911"/>
  <testcase classname="io.cucumber.testng.AbstractTestNGCucumberTests" name="runScenario" time="1.015"/>
  <testcase classname="io.cucumber.testng.AbstractTestNGCucumberTests" name="runScenario" time="1.045"/>
  <testcase classname="io.cucumber.testng.AbstractTestNGCucumberTests" name="runScenario" time="0.986"/>
  <testcase classname="io.cucumber.testng.AbstractTestNGCucumberTests" name="runScenario" time="0.954"/>
  <testcase classname="io.cucumber.testng.AbstractTestNGCucumberTests" name="runScenario" time="1.031">
    <failure type="java.lang.AssertionError" message="The following asserts failed:
	expected [400] but found [201],
	expected [true] but found [false]">
      <![CDATA[java.lang.AssertionError: The following asserts failed:
expected [400] but found [201],
expected [true] but found [false]
at stepDefinitions.Generic_Steps.after(Generic_Steps.java:38)
... Removed 2 stack frames]]>
    </failure>
  </testcase> <!-- runScenario -->
  <testcase classname="io.cucumber.testng.AbstractTestNGCucumberTests" name="runScenario" time="0.978"/>
  <testcase classname="io.cucumber.testng.AbstractTestNGCucumberTests" name="runScenario" time="1.01"/>
  <testcase classname="io.cucumber.testng.AbstractTestNGCucumberTests" name="runScenario" time="0.941"/>
  <testcase classname="io.cucumber.testng.AbstractTestNGCucumberTests" name="runScenario" time="1.018"/>
  <testcase classname="io.cucumber.testng.AbstractTestNGCucumberTests" name="runScenario" time="1.011"/>
  <testcase classname="io.cucumber.testng.AbstractTestNGCucumberTests" name="runScenario" time="1.034"/>
  <testcase classname="io.cucumber.testng.AbstractTestNGCucumberTests" name="runScenario" time="0.96">
    <failure type="java.lang.NullPointerException" message="Cannot invoke &amp;quot;Object.toString()&amp;quot; because the return value of &amp;quot;io.restassured.path.json.JsonPath.get(String)&amp;quot; is null">
      <![CDATA[java.lang.NullPointerException: Cannot invoke "Object.toString()" because the return value of "io.restassured.path.json.JsonPath.get(String)" is null
at utilities.Json_handler.getJsonPath(Json_handler.java:21)
at stepDefinitions.Generic_Steps.response_contains_value(Generic_Steps.java:139)
at ✽.Response "code" has value "payment_schema_validation_failed"(file:///C:/SnehProjects/DemoProject/Demo_APIFramework/src/test/resources/features/Routing_Type.feature:44)
]]>
    </failure>
  </testcase> <!-- runScenario -->
  <testcase classname="io.cucumber.testng.AbstractTestNGCucumberTests" name="runScenario" time="0.933">
    <failure type="java.lang.NullPointerException" message="Cannot invoke &amp;quot;Object.toString()&amp;quot; because the return value of &amp;quot;io.restassured.path.json.JsonPath.get(String)&amp;quot; is null">
      <![CDATA[java.lang.NullPointerException: Cannot invoke "Object.toString()" because the return value of "io.restassured.path.json.JsonPath.get(String)" is null
at utilities.Json_handler.getJsonPath(Json_handler.java:21)
at stepDefinitions.Generic_Steps.response_contains_value(Generic_Steps.java:139)
at ✽.Response "code" has value "payment_schema_validation_failed"(file:///C:/SnehProjects/DemoProject/Demo_APIFramework/src/test/resources/features/Routing_Type.feature:44)
]]>
    </failure>
  </testcase> <!-- runScenario -->
  <testcase classname="io.cucumber.testng.AbstractTestNGCucumberTests" name="runScenario" time="0.884">
    <failure type="java.lang.NullPointerException" message="Cannot invoke &amp;quot;Object.toString()&amp;quot; because the return value of &amp;quot;io.restassured.path.json.JsonPath.get(String)&amp;quot; is null">
      <![CDATA[java.lang.NullPointerException: Cannot invoke "Object.toString()" because the return value of "io.restassured.path.json.JsonPath.get(String)" is null
at utilities.Json_handler.getJsonPath(Json_handler.java:21)
at stepDefinitions.Generic_Steps.response_contains_value(Generic_Steps.java:139)
at ✽.Response "code" has value "payment_schema_validation_failed"(file:///C:/SnehProjects/DemoProject/Demo_APIFramework/src/test/resources/features/Routing_Type.feature:44)
]]>
    </failure>
  </testcase> <!-- runScenario -->
  <testcase classname="io.cucumber.testng.AbstractTestNGCucumberTests" name="runScenario" time="0.935">
    <failure type="java.lang.NullPointerException" message="Cannot invoke &amp;quot;Object.toString()&amp;quot; because the return value of &amp;quot;io.restassured.path.json.JsonPath.get(String)&amp;quot; is null">
      <![CDATA[java.lang.NullPointerException: Cannot invoke "Object.toString()" because the return value of "io.restassured.path.json.JsonPath.get(String)" is null
at utilities.Json_handler.getJsonPath(Json_handler.java:21)
at stepDefinitions.Generic_Steps.response_contains_value(Generic_Steps.java:139)
at ✽.Response "code" has value "payment_schema_validation_failed"(file:///C:/SnehProjects/DemoProject/Demo_APIFramework/src/test/resources/features/Routing_Type.feature:44)
]]>
    </failure>
  </testcase> <!-- runScenario -->
  <testcase classname="io.cucumber.testng.AbstractTestNGCucumberTests" name="runScenario" time="0.923"/>
  <testcase classname="io.cucumber.testng.AbstractTestNGCucumberTests" name="runScenario" time="0.918"/>
  <testcase classname="io.cucumber.testng.AbstractTestNGCucumberTests" name="runScenario" time="1.007"/>
  <testcase classname="io.cucumber.testng.AbstractTestNGCucumberTests" name="runScenario" time="0.902"/>
  <testcase classname="io.cucumber.testng.AbstractTestNGCucumberTests" name="runScenario" time="0.906">
    <failure type="java.lang.AssertionError" message="The following asserts failed:
	expected [Length of &amp;apos;swift_code&amp;apos; should be either 8 or 11] but found [Should be a valid and supported SWIFT code / BIC]">
      <![CDATA[java.lang.AssertionError: The following asserts failed:
expected [Length of 'swift_code' should be either 8 or 11] but found [Should be a valid and supported SWIFT code / BIC]
at stepDefinitions.Generic_Steps.after(Generic_Steps.java:38)
... Removed 2 stack frames]]>
    </failure>
  </testcase> <!-- runScenario -->
  <testcase classname="io.cucumber.testng.AbstractTestNGCucumberTests" name="runScenario" time="1.577">
    <failure type="java.lang.AssertionError" message="The following asserts failed:
	expected [Length of &amp;apos;swift_code&amp;apos; should be either 8 or 11] but found [Should be a valid and supported SWIFT code / BIC]">
      <![CDATA[java.lang.AssertionError: The following asserts failed:
expected [Length of 'swift_code' should be either 8 or 11] but found [Should be a valid and supported SWIFT code / BIC]
at stepDefinitions.Generic_Steps.after(Generic_Steps.java:38)
... Removed 2 stack frames]]>
    </failure>
  </testcase> <!-- runScenario -->
  <testcase classname="io.cucumber.testng.AbstractTestNGCucumberTests" name="runScenario" time="0.959">
    <failure type="java.lang.AssertionError" message="The following asserts failed:
	expected [The swift code is not valid for the given bank country code: &amp;lt;Bank_country_code&amp;gt;] but found [Should be a valid and supported SWIFT code / BIC]">
      <![CDATA[java.lang.AssertionError: The following asserts failed:
expected [The swift code is not valid for the given bank country code: <Bank_country_code>] but found [Should be a valid and supported SWIFT code / BIC]
at stepDefinitions.Generic_Steps.after(Generic_Steps.java:38)
... Removed 2 stack frames]]>
    </failure>
  </testcase> <!-- runScenario -->
  <testcase classname="io.cucumber.testng.AbstractTestNGCucumberTests" name="runScenario" time="0.907">
    <failure type="java.lang.AssertionError" message="The following asserts failed:
	expected [The swift code is not valid for the given bank country code: &amp;lt;Bank_country_code&amp;gt;] but found [Should be a valid and supported SWIFT code / BIC]">
      <![CDATA[java.lang.AssertionError: The following asserts failed:
expected [The swift code is not valid for the given bank country code: <Bank_country_code>] but found [Should be a valid and supported SWIFT code / BIC]
at stepDefinitions.Generic_Steps.after(Generic_Steps.java:38)
... Removed 2 stack frames]]>
    </failure>
  </testcase> <!-- runScenario -->
  <testcase classname="io.cucumber.testng.AbstractTestNGCucumberTests" name="runScenario" time="0.956">
    <failure type="java.lang.AssertionError" message="The following asserts failed:
	expected [The swift code is not valid for the given bank country code: &amp;lt;Bank_country_code&amp;gt;] but found [Should be a valid and supported SWIFT code / BIC]">
      <![CDATA[java.lang.AssertionError: The following asserts failed:
expected [The swift code is not valid for the given bank country code: <Bank_country_code>] but found [Should be a valid and supported SWIFT code / BIC]
at stepDefinitions.Generic_Steps.after(Generic_Steps.java:38)
... Removed 2 stack frames]]>
    </failure>
  </testcase> <!-- runScenario -->
  <testcase classname="io.cucumber.testng.AbstractTestNGCucumberTests" name="runScenario" time="0.913">
    <failure type="java.lang.AssertionError" message="The following asserts failed:
	expected [The swift code is not valid for the given bank country code: &amp;lt;Bank_country_code&amp;gt;] but found [Should be a valid and supported SWIFT code / BIC]">
      <![CDATA[java.lang.AssertionError: The following asserts failed:
expected [The swift code is not valid for the given bank country code: <Bank_country_code>] but found [Should be a valid and supported SWIFT code / BIC]
at stepDefinitions.Generic_Steps.after(Generic_Steps.java:38)
... Removed 2 stack frames]]>
    </failure>
  </testcase> <!-- runScenario -->
  <testcase classname="io.cucumber.testng.AbstractTestNGCucumberTests" name="runScenario" time="0.935">
    <failure type="java.lang.AssertionError" message="The following asserts failed:
	expected [The swift code is not valid for the given bank country code: &amp;lt;Bank_country_code&amp;gt;] but found [The SWIFT code / BIC should match the bank location selected ]">
      <![CDATA[java.lang.AssertionError: The following asserts failed:
expected [The swift code is not valid for the given bank country code: <Bank_country_code>] but found [The SWIFT code / BIC should match the bank location selected ]
at stepDefinitions.Generic_Steps.after(Generic_Steps.java:38)
... Removed 2 stack frames]]>
    </failure>
  </testcase> <!-- runScenario -->
  <testcase classname="io.cucumber.testng.AbstractTestNGCucumberTests" name="runScenario" time="0.899">
    <failure type="java.lang.AssertionError" message="The following asserts failed:
	expected [The swift code is not valid for the given bank country code: &amp;lt;Bank_country_code&amp;gt;] but found [Should be a valid and supported SWIFT code / BIC]">
      <![CDATA[java.lang.AssertionError: The following asserts failed:
expected [The swift code is not valid for the given bank country code: <Bank_country_code>] but found [Should be a valid and supported SWIFT code / BIC]
at stepDefinitions.Generic_Steps.after(Generic_Steps.java:38)
... Removed 2 stack frames]]>
    </failure>
  </testcase> <!-- runScenario -->
  <testcase classname="io.cucumber.testng.AbstractTestNGCucumberTests" name="runScenario" time="0.927">
    <failure type="java.lang.AssertionError" message="The following asserts failed:
	expected [The swift code is not valid for the given bank country code: &amp;lt;Bank_country_code&amp;gt;] but found [The SWIFT code / BIC should match the bank location selected ]">
      <![CDATA[java.lang.AssertionError: The following asserts failed:
expected [The swift code is not valid for the given bank country code: <Bank_country_code>] but found [The SWIFT code / BIC should match the bank location selected ]
at stepDefinitions.Generic_Steps.after(Generic_Steps.java:38)
... Removed 2 stack frames]]>
    </failure>
  </testcase> <!-- runScenario -->
  <testcase classname="io.cucumber.testng.AbstractTestNGCucumberTests" name="runScenario" time="0.909">
    <failure type="java.lang.AssertionError" message="The following asserts failed:
	expected [The swift code is not valid for the given bank country code: &amp;lt;Bank_country_code&amp;gt;] but found [The SWIFT code / BIC should match the bank location selected ]">
      <![CDATA[java.lang.AssertionError: The following asserts failed:
expected [The swift code is not valid for the given bank country code: <Bank_country_code>] but found [The SWIFT code / BIC should match the bank location selected ]
at stepDefinitions.Generic_Steps.after(Generic_Steps.java:38)
... Removed 2 stack frames]]>
    </failure>
  </testcase> <!-- runScenario -->
  <testcase classname="io.cucumber.testng.AbstractTestNGCucumberTests" name="runScenario" time="0.866"/>
  <testcase classname="io.cucumber.testng.AbstractTestNGCucumberTests" name="runScenario" time="0.922"/>
</testsuite> <!-- Surefire test -->
