<?xml version="1.0" encoding="UTF-8"?>
<!-- Generated by org.testng.reporters.JUnitReportReporter -->
<testsuite hostname="AbhiSneh" failures="23" tests="75" name="cucumber.Options.RunCucumberTests" time="88.577" errors="9" timestamp="2021-08-23T21:36:46 CEST" skipped="0">
  <testcase classname="cucumber.Options.RunCucumberTests" name="runScenario" time="0.869"/>
  <system-out/>
  <testcase classname="cucumber.Options.RunCucumberTests" name="runScenario" time="0.874"/>
  <system-out/>
  <testcase classname="cucumber.Options.RunCucumberTests" name="runScenario" time="0.942">
    <failure message="The following asserts failed:
	expected [The swift code is not valid for the given bank country code: &lt;Bank_country_code&gt;] but found [Should be a valid and supported SWIFT code / BIC]" type="java.lang.AssertionError">
      <![CDATA[java.lang.AssertionError: The following asserts failed:
expected [The swift code is not valid for the given bank country code: <Bank_country_code>] but found [Should be a valid and supported SWIFT code / BIC]
at org.testng.asserts.SoftAssert.assertAll(SoftAssert.java:47)
at org.testng.asserts.SoftAssert.assertAll(SoftAssert.java:31)
at stepDefinitions.Then_Steps.after(Then_Steps.java:30)
]]>
    </failure>
  </testcase> <!-- runScenario -->
  <system-out/>
  <testcase classname="cucumber.Options.RunCucumberTests" name="runScenario" time="0.915"/>
  <system-out/>
  <testcase classname="cucumber.Options.RunCucumberTests" name="runScenario" time="0.803"/>
  <system-out/>
  <testcase classname="cucumber.Options.RunCucumberTests" name="runScenario" time="1.618"/>
  <system-out/>
  <testcase classname="cucumber.Options.RunCucumberTests" name="runScenario" time="0.923">
    <failure message="The following asserts failed:
	expected [201] but found [400],
	expected [true] but found [false]" type="java.lang.AssertionError">
      <![CDATA[java.lang.AssertionError: The following asserts failed:
expected [201] but found [400],
expected [true] but found [false]
at org.testng.asserts.SoftAssert.assertAll(SoftAssert.java:47)
at org.testng.asserts.SoftAssert.assertAll(SoftAssert.java:31)
at stepDefinitions.Then_Steps.after(Then_Steps.java:30)
]]>
    </failure>
  </testcase> <!-- runScenario -->
  <system-out/>
  <testcase classname="cucumber.Options.RunCucumberTests" name="runScenario" time="0.881"/>
  <system-out/>
  <testcase classname="cucumber.Options.RunCucumberTests" name="runScenario" time="0.891">
    <failure message="The following asserts failed:
	expected [Length of &#039;swift_code&#039; should be either 8 or 11] but found [Should be a valid and supported SWIFT code / BIC]" type="java.lang.AssertionError">
      <![CDATA[java.lang.AssertionError: The following asserts failed:
expected [Length of 'swift_code' should be either 8 or 11] but found [Should be a valid and supported SWIFT code / BIC]
at org.testng.asserts.SoftAssert.assertAll(SoftAssert.java:47)
at org.testng.asserts.SoftAssert.assertAll(SoftAssert.java:31)
at stepDefinitions.Then_Steps.after(Then_Steps.java:30)
]]>
    </failure>
  </testcase> <!-- runScenario -->
  <system-out/>
  <testcase classname="cucumber.Options.RunCucumberTests" name="runScenario" time="0.893"/>
  <system-out/>
  <testcase classname="cucumber.Options.RunCucumberTests" name="runScenario" time="1.705">
    <failure message="The following asserts failed:
	expected [Length of account_number should be between 6 and 9 when bank_country_code is AU] but found [Should contain 6 to 20 characters]" type="java.lang.AssertionError">
      <![CDATA[java.lang.AssertionError: The following asserts failed:
expected [Length of account_number should be between 6 and 9 when bank_country_code is AU] but found [Should contain 6 to 20 characters]
at org.testng.asserts.SoftAssert.assertAll(SoftAssert.java:47)
at org.testng.asserts.SoftAssert.assertAll(SoftAssert.java:31)
at stepDefinitions.Then_Steps.after(Then_Steps.java:30)
]]>
    </failure>
  </testcase> <!-- runScenario -->
  <system-out/>
  <testcase classname="cucumber.Options.RunCucumberTests" name="runScenario" time="0.944"/>
  <system-out/>
  <testcase classname="cucumber.Options.RunCucumberTests" name="runScenario" time="1.037"/>
  <system-out/>
  <testcase classname="cucumber.Options.RunCucumberTests" name="runScenario" time="0.835">
    <error message="Cannot invoke &quot;Object.toString()&quot; because the return value of &quot;io.restassured.path.json.JsonPath.get(String)&quot; is null" type="java.lang.NullPointerException">
      <![CDATA[java.lang.NullPointerException: Cannot invoke "Object.toString()" because the return value of "io.restassured.path.json.JsonPath.get(String)" is null
at utilities.Json_handler.getJsonPath(Json_handler.java:21)
at stepDefinitions.Then_Steps.response_contains_value(Then_Steps.java:57)
at ✽.Response "code" has value "payment_schema_validation_failed"(file:///C:/SnehProjects/DemoProject/Demo_APIFramework/src/test/resources/features/Routing_Type.feature:44)
]]>
    </error>
  </testcase> <!-- runScenario -->
  <system-out/>
  <testcase classname="cucumber.Options.RunCucumberTests" name="runScenario" time="0.952">
    <failure message="The following asserts failed:
	expected [Length of account_number should be between 6 and 9 when bank_country_code is AU] but found [Should contain 6 to 20 characters]" type="java.lang.AssertionError">
      <![CDATA[java.lang.AssertionError: The following asserts failed:
expected [Length of account_number should be between 6 and 9 when bank_country_code is AU] but found [Should contain 6 to 20 characters]
at org.testng.asserts.SoftAssert.assertAll(SoftAssert.java:47)
at org.testng.asserts.SoftAssert.assertAll(SoftAssert.java:31)
at stepDefinitions.Then_Steps.after(Then_Steps.java:30)
]]>
    </failure>
  </testcase> <!-- runScenario -->
  <system-out/>
  <testcase classname="cucumber.Options.RunCucumberTests" name="runScenario" time="0.833">
    <error message="Cannot invoke &quot;Object.toString()&quot; because the return value of &quot;io.restassured.path.json.JsonPath.get(String)&quot; is null" type="java.lang.NullPointerException">
      <![CDATA[java.lang.NullPointerException: Cannot invoke "Object.toString()" because the return value of "io.restassured.path.json.JsonPath.get(String)" is null
at utilities.Json_handler.getJsonPath(Json_handler.java:21)
at stepDefinitions.Then_Steps.response_contains_value(Then_Steps.java:57)
at ✽.Response "code" has value "payment_schema_validation_failed"(file:///C:/SnehProjects/DemoProject/Demo_APIFramework/src/test/resources/features/Routing_Type.feature:44)
]]>
    </error>
  </testcase> <!-- runScenario -->
  <system-out/>
  <testcase classname="cucumber.Options.RunCucumberTests" name="runScenario" time="0.936">
    <error message="Cannot invoke &quot;Object.toString()&quot; because the return value of &quot;io.restassured.path.json.JsonPath.get(String)&quot; is null" type="java.lang.NullPointerException">
      <![CDATA[java.lang.NullPointerException: Cannot invoke "Object.toString()" because the return value of "io.restassured.path.json.JsonPath.get(String)" is null
at utilities.Json_handler.getJsonPath(Json_handler.java:21)
at stepDefinitions.Then_Steps.response_contains_value(Then_Steps.java:57)
at ✽.Response "code" has value "payment_schema_validation_failed"(file:///C:/SnehProjects/DemoProject/Demo_APIFramework/src/test/resources/features/Account_Number.feature:45)
]]>
    </error>
  </testcase> <!-- runScenario -->
  <system-out/>
  <testcase classname="cucumber.Options.RunCucumberTests" name="runScenario" time="0.925"/>
  <system-out/>
  <testcase classname="cucumber.Options.RunCucumberTests" name="runScenario" time="0.915"/>
  <system-out/>
  <testcase classname="cucumber.Options.RunCucumberTests" name="runScenario" time="0.857"/>
  <system-out/>
  <testcase classname="cucumber.Options.RunCucumberTests" name="runScenario" time="0.889"/>
  <system-out/>
  <testcase classname="cucumber.Options.RunCucumberTests" name="runScenario" time="0.934">
    <failure message="The following asserts failed:
	expected [201] but found [400],
	expected [true] but found [false]" type="java.lang.AssertionError">
      <![CDATA[java.lang.AssertionError: The following asserts failed:
expected [201] but found [400],
expected [true] but found [false]
at org.testng.asserts.SoftAssert.assertAll(SoftAssert.java:47)
at org.testng.asserts.SoftAssert.assertAll(SoftAssert.java:31)
at stepDefinitions.Then_Steps.after(Then_Steps.java:30)
]]>
    </failure>
  </testcase> <!-- runScenario -->
  <system-out/>
  <testcase classname="cucumber.Options.RunCucumberTests" name="runScenario" time="0.911">
    <failure message="The following asserts failed:
	expected [The swift code is not valid for the given bank country code: &lt;Bank_country_code&gt;] but found [Should be a valid and supported SWIFT code / BIC]" type="java.lang.AssertionError">
      <![CDATA[java.lang.AssertionError: The following asserts failed:
expected [The swift code is not valid for the given bank country code: <Bank_country_code>] but found [Should be a valid and supported SWIFT code / BIC]
at org.testng.asserts.SoftAssert.assertAll(SoftAssert.java:47)
at org.testng.asserts.SoftAssert.assertAll(SoftAssert.java:31)
at stepDefinitions.Then_Steps.after(Then_Steps.java:30)
]]>
    </failure>
  </testcase> <!-- runScenario -->
  <system-out/>
  <testcase classname="cucumber.Options.RunCucumberTests" name="runScenario" time="0.967"/>
  <system-out/>
  <testcase classname="cucumber.Options.RunCucumberTests" name="runScenario" time="1.741"/>
  <system-out/>
  <testcase classname="cucumber.Options.RunCucumberTests" name="runScenario" time="0.923"/>
  <system-out/>
  <testcase classname="cucumber.Options.RunCucumberTests" name="runScenario" time="1.002"/>
  <system-out/>
  <testcase classname="cucumber.Options.RunCucumberTests" name="runScenario" time="1.032"/>
  <system-out/>
  <testcase classname="cucumber.Options.RunCucumberTests" name="runScenario" time="1.621"/>
  <system-out/>
  <testcase classname="cucumber.Options.RunCucumberTests" name="runScenario" time="1.625"/>
  <system-out/>
  <testcase classname="cucumber.Options.RunCucumberTests" name="runScenario" time="5.416"/>
  <system-out/>
  <testcase classname="cucumber.Options.RunCucumberTests" name="runScenario" time="1.032"/>
  <system-out/>
  <testcase classname="cucumber.Options.RunCucumberTests" name="runScenario" time="0.836"/>
  <system-out/>
  <testcase classname="cucumber.Options.RunCucumberTests" name="runScenario" time="1.007">
    <failure message="The following asserts failed:
	expected [The swift code is not valid for the given bank country code: &lt;Bank_country_code&gt;] but found [Should be a valid and supported SWIFT code / BIC]" type="java.lang.AssertionError">
      <![CDATA[java.lang.AssertionError: The following asserts failed:
expected [The swift code is not valid for the given bank country code: <Bank_country_code>] but found [Should be a valid and supported SWIFT code / BIC]
at org.testng.asserts.SoftAssert.assertAll(SoftAssert.java:47)
at org.testng.asserts.SoftAssert.assertAll(SoftAssert.java:31)
at stepDefinitions.Then_Steps.after(Then_Steps.java:30)
]]>
    </failure>
  </testcase> <!-- runScenario -->
  <system-out/>
  <testcase classname="cucumber.Options.RunCucumberTests" name="runScenario" time="0.815">
    <error message="Cannot invoke &quot;Object.toString()&quot; because the return value of &quot;io.restassured.path.json.JsonPath.get(String)&quot; is null" type="java.lang.NullPointerException">
      <![CDATA[java.lang.NullPointerException: Cannot invoke "Object.toString()" because the return value of "io.restassured.path.json.JsonPath.get(String)" is null
at utilities.Json_handler.getJsonPath(Json_handler.java:21)
at stepDefinitions.Then_Steps.response_contains_value(Then_Steps.java:57)
at ✽.Response "code" has value "payment_schema_validation_failed"(file:///C:/SnehProjects/DemoProject/Demo_APIFramework/src/test/resources/features/Routing_Type.feature:44)
]]>
    </error>
  </testcase> <!-- runScenario -->
  <system-out/>
  <testcase classname="cucumber.Options.RunCucumberTests" name="runScenario" time="0.803"/>
  <system-out/>
  <testcase classname="cucumber.Options.RunCucumberTests" name="runScenario" time="1.823">
    <failure message="The following asserts failed:
	expected [Length of account_name should be between {Min} and {Max} when bank_country_code is US] but found [Should contain 2 to 200 characters]" type="java.lang.AssertionError">
      <![CDATA[java.lang.AssertionError: The following asserts failed:
expected [Length of account_name should be between {Min} and {Max} when bank_country_code is US] but found [Should contain 2 to 200 characters]
at org.testng.asserts.SoftAssert.assertAll(SoftAssert.java:47)
at org.testng.asserts.SoftAssert.assertAll(SoftAssert.java:31)
at stepDefinitions.Then_Steps.after(Then_Steps.java:30)
]]>
    </failure>
  </testcase> <!-- runScenario -->
  <system-out/>
  <testcase classname="cucumber.Options.RunCucumberTests" name="runScenario" time="0.953">
    <failure message="The following asserts failed:
	expected [The swift code is not valid for the given bank country code: &lt;Bank_country_code&gt;] but found [The SWIFT code / BIC should match the bank location selected ]" type="java.lang.AssertionError">
      <![CDATA[java.lang.AssertionError: The following asserts failed:
expected [The swift code is not valid for the given bank country code: <Bank_country_code>] but found [The SWIFT code / BIC should match the bank location selected ]
at org.testng.asserts.SoftAssert.assertAll(SoftAssert.java:47)
at org.testng.asserts.SoftAssert.assertAll(SoftAssert.java:31)
at stepDefinitions.Then_Steps.after(Then_Steps.java:30)
]]>
    </failure>
  </testcase> <!-- runScenario -->
  <system-out/>
  <testcase classname="cucumber.Options.RunCucumberTests" name="runScenario" time="0.857"/>
  <system-out/>
  <testcase classname="cucumber.Options.RunCucumberTests" name="runScenario" time="0.997"/>
  <system-out/>
  <testcase classname="cucumber.Options.RunCucumberTests" name="runScenario" time="2.382">
    <error message="Cannot invoke &quot;Object.toString()&quot; because the return value of &quot;io.restassured.path.json.JsonPath.get(String)&quot; is null" type="java.lang.NullPointerException">
      <![CDATA[java.lang.NullPointerException: Cannot invoke "Object.toString()" because the return value of "io.restassured.path.json.JsonPath.get(String)" is null
at utilities.Json_handler.getJsonPath(Json_handler.java:21)
at stepDefinitions.Then_Steps.response_contains_value(Then_Steps.java:57)
at ✽.Response "code" has value "payment_schema_validation_failed"(file:///C:/SnehProjects/DemoProject/Demo_APIFramework/src/test/resources/features/Account_Name.feature:32)
]]>
    </error>
  </testcase> <!-- runScenario -->
  <system-out/>
  <testcase classname="cucumber.Options.RunCucumberTests" name="runScenario" time="0.817"/>
  <system-out/>
  <testcase classname="cucumber.Options.RunCucumberTests" name="runScenario" time="0.924">
    <failure message="The following asserts failed:
	expected [The swift code is not valid for the given bank country code: &lt;Bank_country_code&gt;] but found [The SWIFT code / BIC should match the bank location selected ]" type="java.lang.AssertionError">
      <![CDATA[java.lang.AssertionError: The following asserts failed:
expected [The swift code is not valid for the given bank country code: <Bank_country_code>] but found [The SWIFT code / BIC should match the bank location selected ]
at org.testng.asserts.SoftAssert.assertAll(SoftAssert.java:47)
at org.testng.asserts.SoftAssert.assertAll(SoftAssert.java:31)
at stepDefinitions.Then_Steps.after(Then_Steps.java:30)
]]>
    </failure>
  </testcase> <!-- runScenario -->
  <system-out/>
  <testcase classname="cucumber.Options.RunCucumberTests" name="runScenario" time="0.916"/>
  <system-out/>
  <testcase classname="cucumber.Options.RunCucumberTests" name="runScenario" time="2.523"/>
  <system-out/>
  <testcase classname="cucumber.Options.RunCucumberTests" name="runScenario" time="0.834"/>
  <system-out/>
  <testcase classname="cucumber.Options.RunCucumberTests" name="runScenario" time="0.847"/>
  <system-out/>
  <testcase classname="cucumber.Options.RunCucumberTests" name="runScenario" time="0.919">
    <failure message="The following asserts failed:
	expected [Length of account_number should be between 8 and 20 when bank_country_code is CN] but found [Should contain 8 to 34 characters]" type="java.lang.AssertionError">
      <![CDATA[java.lang.AssertionError: The following asserts failed:
expected [Length of account_number should be between 8 and 20 when bank_country_code is CN] but found [Should contain 8 to 34 characters]
at org.testng.asserts.SoftAssert.assertAll(SoftAssert.java:47)
at org.testng.asserts.SoftAssert.assertAll(SoftAssert.java:31)
at stepDefinitions.Then_Steps.after(Then_Steps.java:30)
]]>
    </failure>
  </testcase> <!-- runScenario -->
  <system-out/>
  <testcase classname="cucumber.Options.RunCucumberTests" name="runScenario" time="0.932">
    <failure message="The following asserts failed:
	expected [Length of &#039;swift_code&#039; should be either 8 or 11] but found [Should be a valid and supported SWIFT code / BIC]" type="java.lang.AssertionError">
      <![CDATA[java.lang.AssertionError: The following asserts failed:
expected [Length of 'swift_code' should be either 8 or 11] but found [Should be a valid and supported SWIFT code / BIC]
at org.testng.asserts.SoftAssert.assertAll(SoftAssert.java:47)
at org.testng.asserts.SoftAssert.assertAll(SoftAssert.java:31)
at stepDefinitions.Then_Steps.after(Then_Steps.java:30)
]]>
    </failure>
  </testcase> <!-- runScenario -->
  <system-out/>
  <testcase classname="cucumber.Options.RunCucumberTests" name="runScenario" time="0.887">
    <failure message="The following asserts failed:
	expected [The swift code is not valid for the given bank country code: &lt;Bank_country_code&gt;] but found [Should be a valid and supported SWIFT code / BIC]" type="java.lang.AssertionError">
      <![CDATA[java.lang.AssertionError: The following asserts failed:
expected [The swift code is not valid for the given bank country code: <Bank_country_code>] but found [Should be a valid and supported SWIFT code / BIC]
at org.testng.asserts.SoftAssert.assertAll(SoftAssert.java:47)
at org.testng.asserts.SoftAssert.assertAll(SoftAssert.java:31)
at stepDefinitions.Then_Steps.after(Then_Steps.java:30)
]]>
    </failure>
  </testcase> <!-- runScenario -->
  <system-out/>
  <testcase classname="cucumber.Options.RunCucumberTests" name="runScenario" time="0.784">
    <failure message="The following asserts failed:
	expected [400] but found [201],
	expected [true] but found [false]" type="java.lang.AssertionError">
      <![CDATA[java.lang.AssertionError: The following asserts failed:
expected [400] but found [201],
expected [true] but found [false]
at org.testng.asserts.SoftAssert.assertAll(SoftAssert.java:47)
at org.testng.asserts.SoftAssert.assertAll(SoftAssert.java:31)
at stepDefinitions.Then_Steps.after(Then_Steps.java:30)
]]>
    </failure>
  </testcase> <!-- runScenario -->
  <system-out/>
  <testcase classname="cucumber.Options.RunCucumberTests" name="runScenario" time="0.799"/>
  <system-out/>
  <testcase classname="cucumber.Options.RunCucumberTests" name="runScenario" time="1.638">
    <failure message="The following asserts failed:
	expected [201] but found [400],
	expected [true] but found [false]" type="java.lang.AssertionError">
      <![CDATA[java.lang.AssertionError: The following asserts failed:
expected [201] but found [400],
expected [true] but found [false]
at org.testng.asserts.SoftAssert.assertAll(SoftAssert.java:47)
at org.testng.asserts.SoftAssert.assertAll(SoftAssert.java:31)
at stepDefinitions.Then_Steps.after(Then_Steps.java:30)
]]>
    </failure>
  </testcase> <!-- runScenario -->
  <system-out/>
  <testcase classname="cucumber.Options.RunCucumberTests" name="runScenario" time="0.930"/>
  <system-out/>
  <testcase classname="cucumber.Options.RunCucumberTests" name="runScenario" time="0.878"/>
  <system-out/>
  <testcase classname="cucumber.Options.RunCucumberTests" name="runScenario" time="1.567">
    <error message="Cannot invoke &quot;Object.toString()&quot; because the return value of &quot;io.restassured.path.json.JsonPath.get(String)&quot; is null" type="java.lang.NullPointerException">
      <![CDATA[java.lang.NullPointerException: Cannot invoke "Object.toString()" because the return value of "io.restassured.path.json.JsonPath.get(String)" is null
at utilities.Json_handler.getJsonPath(Json_handler.java:21)
at stepDefinitions.Then_Steps.response_contains_value(Then_Steps.java:57)
at ✽.Response "code" has value "payment_schema_validation_failed"(file:///C:/SnehProjects/DemoProject/Demo_APIFramework/src/test/resources/features/Account_Number.feature:45)
]]>
    </error>
  </testcase> <!-- runScenario -->
  <system-out/>
  <testcase classname="cucumber.Options.RunCucumberTests" name="runScenario" time="1.661">
    <error message="Cannot invoke &quot;Object.toString()&quot; because the return value of &quot;io.restassured.path.json.JsonPath.get(String)&quot; is null" type="java.lang.NullPointerException">
      <![CDATA[java.lang.NullPointerException: Cannot invoke "Object.toString()" because the return value of "io.restassured.path.json.JsonPath.get(String)" is null
at utilities.Json_handler.getJsonPath(Json_handler.java:21)
at stepDefinitions.Then_Steps.response_contains_value(Then_Steps.java:57)
at ✽.Response "code" has value "payment_schema_validation_failed"(file:///C:/SnehProjects/DemoProject/Demo_APIFramework/src/test/resources/features/Account_Number.feature:45)
]]>
    </error>
  </testcase> <!-- runScenario -->
  <system-out/>
  <testcase classname="cucumber.Options.RunCucumberTests" name="runScenario" time="1.599"/>
  <system-out/>
  <testcase classname="cucumber.Options.RunCucumberTests" name="runScenario" time="0.820"/>
  <system-out/>
  <testcase classname="cucumber.Options.RunCucumberTests" name="runScenario" time="0.966">
    <failure message="The following asserts failed:
	expected [Length of account_number should be between 8 and 20 when bank_country_code is CN] but found [Should contain 8 to 34 characters]" type="java.lang.AssertionError">
      <![CDATA[java.lang.AssertionError: The following asserts failed:
expected [Length of account_number should be between 8 and 20 when bank_country_code is CN] but found [Should contain 8 to 34 characters]
at org.testng.asserts.SoftAssert.assertAll(SoftAssert.java:47)
at org.testng.asserts.SoftAssert.assertAll(SoftAssert.java:31)
at stepDefinitions.Then_Steps.after(Then_Steps.java:30)
]]>
    </failure>
  </testcase> <!-- runScenario -->
  <system-out/>
  <testcase classname="cucumber.Options.RunCucumberTests" name="runScenario" time="1.012">
    <failure message="The following asserts failed:
	expected [The swift code is not valid for the given bank country code: &lt;Bank_country_code&gt;] but found [The SWIFT code / BIC should match the bank location selected ]" type="java.lang.AssertionError">
      <![CDATA[java.lang.AssertionError: The following asserts failed:
expected [The swift code is not valid for the given bank country code: <Bank_country_code>] but found [The SWIFT code / BIC should match the bank location selected ]
at org.testng.asserts.SoftAssert.assertAll(SoftAssert.java:47)
at org.testng.asserts.SoftAssert.assertAll(SoftAssert.java:31)
at stepDefinitions.Then_Steps.after(Then_Steps.java:30)
]]>
    </failure>
  </testcase> <!-- runScenario -->
  <system-out/>
  <testcase classname="cucumber.Options.RunCucumberTests" name="runScenario" time="2.260"/>
  <system-out/>
  <testcase classname="cucumber.Options.RunCucumberTests" name="runScenario" time="0.887"/>
  <system-out/>
  <testcase classname="cucumber.Options.RunCucumberTests" name="runScenario" time="1.615"/>
  <system-out/>
  <testcase classname="cucumber.Options.RunCucumberTests" name="runScenario" time="0.889">
    <error message="Cannot invoke &quot;Object.toString()&quot; because the return value of &quot;io.restassured.path.json.JsonPath.get(String)&quot; is null" type="java.lang.NullPointerException">
      <![CDATA[java.lang.NullPointerException: Cannot invoke "Object.toString()" because the return value of "io.restassured.path.json.JsonPath.get(String)" is null
at utilities.Json_handler.getJsonPath(Json_handler.java:21)
at stepDefinitions.Then_Steps.response_contains_value(Then_Steps.java:57)
at ✽.Response "code" has value "payment_schema_validation_failed"(file:///C:/SnehProjects/DemoProject/Demo_APIFramework/src/test/resources/features/Routing_Type.feature:44)
]]>
    </error>
  </testcase> <!-- runScenario -->
  <system-out/>
  <testcase classname="cucumber.Options.RunCucumberTests" name="runScenario" time="2.439">
    <failure message="The following asserts failed:
	expected [Length of account_name should be between {Min} and {Max} when bank_country_code is AU] but found [Should contain 2 to 200 characters]" type="java.lang.AssertionError">
      <![CDATA[java.lang.AssertionError: The following asserts failed:
expected [Length of account_name should be between {Min} and {Max} when bank_country_code is AU] but found [Should contain 2 to 200 characters]
at org.testng.asserts.SoftAssert.assertAll(SoftAssert.java:47)
at org.testng.asserts.SoftAssert.assertAll(SoftAssert.java:31)
at stepDefinitions.Then_Steps.after(Then_Steps.java:30)
]]>
    </failure>
  </testcase> <!-- runScenario -->
  <system-out/>
  <testcase classname="cucumber.Options.RunCucumberTests" name="runScenario" time="0.919"/>
  <system-out/>
  <testcase classname="cucumber.Options.RunCucumberTests" name="runScenario" time="1.077">
    <failure message="The following asserts failed:
	expected [Length of account_number should be between 1 and 17 when bank_country_code is US] but found [Should contain 1 to 26 characters]" type="java.lang.AssertionError">
      <![CDATA[java.lang.AssertionError: The following asserts failed:
expected [Length of account_number should be between 1 and 17 when bank_country_code is US] but found [Should contain 1 to 26 characters]
at org.testng.asserts.SoftAssert.assertAll(SoftAssert.java:47)
at org.testng.asserts.SoftAssert.assertAll(SoftAssert.java:31)
at stepDefinitions.Then_Steps.after(Then_Steps.java:30)
]]>
    </failure>
  </testcase> <!-- runScenario -->
  <system-out/>
  <testcase classname="cucumber.Options.RunCucumberTests" name="runScenario" time="1.664">
    <error message="Cannot invoke &quot;Object.toString()&quot; because the return value of &quot;io.restassured.path.json.JsonPath.get(String)&quot; is null" type="java.lang.NullPointerException">
      <![CDATA[java.lang.NullPointerException: Cannot invoke "Object.toString()" because the return value of "io.restassured.path.json.JsonPath.get(String)" is null
at utilities.Json_handler.getJsonPath(Json_handler.java:21)
at stepDefinitions.Then_Steps.response_contains_value(Then_Steps.java:57)
at ✽.Response "code" has value "payment_schema_validation_failed"(file:///C:/SnehProjects/DemoProject/Demo_APIFramework/src/test/resources/features/Account_Number.feature:45)
]]>
    </error>
  </testcase> <!-- runScenario -->
  <system-out/>
  <testcase classname="cucumber.Options.RunCucumberTests" name="runScenario" time="0.845"/>
  <system-out/>
  <testcase classname="cucumber.Options.RunCucumberTests" name="runScenario" time="1.015">
    <failure message="The following asserts failed:
	expected [The swift code is not valid for the given bank country code: &lt;Bank_country_code&gt;] but found [Should be a valid and supported SWIFT code / BIC]" type="java.lang.AssertionError">
      <![CDATA[java.lang.AssertionError: The following asserts failed:
expected [The swift code is not valid for the given bank country code: <Bank_country_code>] but found [Should be a valid and supported SWIFT code / BIC]
at org.testng.asserts.SoftAssert.assertAll(SoftAssert.java:47)
at org.testng.asserts.SoftAssert.assertAll(SoftAssert.java:31)
at stepDefinitions.Then_Steps.after(Then_Steps.java:30)
]]>
    </failure>
  </testcase> <!-- runScenario -->
  <system-out/>
  <testcase classname="cucumber.Options.RunCucumberTests" name="runScenario" time="0.940"/>
  <system-out/>
  <testcase classname="cucumber.Options.RunCucumberTests" name="runScenario" time="1.672">
    <failure message="The following asserts failed:
	expected [Length of account_name should be between {Min} and {Max} when bank_country_code is CN] but found [Should contain 2 to 200 characters]" type="java.lang.AssertionError">
      <![CDATA[java.lang.AssertionError: The following asserts failed:
expected [Length of account_name should be between {Min} and {Max} when bank_country_code is CN] but found [Should contain 2 to 200 characters]
at org.testng.asserts.SoftAssert.assertAll(SoftAssert.java:47)
at org.testng.asserts.SoftAssert.assertAll(SoftAssert.java:31)
at stepDefinitions.Then_Steps.after(Then_Steps.java:30)
]]>
    </failure>
  </testcase> <!-- runScenario -->
  <system-out/>
  <testcase classname="cucumber.Options.RunCucumberTests" name="runScenario" time="0.950">
    <failure message="The following asserts failed:
	expected [Length of account_number should be between 8 and 20 when bank_country_code is CN] but found [Should contain 8 to 34 characters]" type="java.lang.AssertionError">
      <![CDATA[java.lang.AssertionError: The following asserts failed:
expected [Length of account_number should be between 8 and 20 when bank_country_code is CN] but found [Should contain 8 to 34 characters]
at org.testng.asserts.SoftAssert.assertAll(SoftAssert.java:47)
at org.testng.asserts.SoftAssert.assertAll(SoftAssert.java:31)
at stepDefinitions.Then_Steps.after(Then_Steps.java:30)
]]>
    </failure>
  </testcase> <!-- runScenario -->
  <system-out/>
  <testcase classname="cucumber.Options.RunCucumberTests" name="runScenario" time="1.038"/>
  <system-out/>
</testsuite> <!-- cucumber.Options.RunCucumberTests -->
